0 info it worked if it ends with ok
1 verbose cli [ '/usr/local/bin/node', '/usr/local/bin/npm', 'run', 'build' ]
2 info using npm@2.14.12
3 info using node@v4.2.4
4 verbose run-script [ 'prebuild', 'build', 'postbuild' ]
5 info prebuild react_pullload@0.0.1
6 info build react_pullload@0.0.1
7 verbose unsafe-perm in lifecycle true
8 info react_pullload@0.0.1 Failed to exec build script
9 verbose stack Error: react_pullload@0.0.1 build: `babel-cli src --out-dir lib && cp src/*.less lib/`
9 verbose stack spawn ENOENT
9 verbose stack     at ChildProcess.<anonymous> (/usr/local/lib/node_modules/npm/lib/utils/spawn.js:17:16)
9 verbose stack     at emitTwo (events.js:87:13)
9 verbose stack     at ChildProcess.emit (events.js:172:7)
9 verbose stack     at maybeClose (internal/child_process.js:818:16)
9 verbose stack     at Process.ChildProcess._handle.onexit (internal/child_process.js:211:5)
10 verbose pkgid react_pullload@0.0.1
11 verbose cwd /Users/ld/Desktop/nodejs/react/react-ld/react-pullLoad
12 error Darwin 15.6.0
13 error argv "/usr/local/bin/node" "/usr/local/bin/npm" "run" "build"
14 error node v4.2.4
15 error npm  v2.14.12
16 error file sh
17 error code ELIFECYCLE
18 error errno ENOENT
19 error syscall spawn
20 error react_pullload@0.0.1 build: `babel-cli src --out-dir lib && cp src/*.less lib/`
20 error spawn ENOENT
21 error Failed at the react_pullload@0.0.1 build script 'babel-cli src --out-dir lib && cp src/*.less lib/'.
21 error This is most likely a problem with the react_pullload package,
21 error not with npm itself.
21 error Tell the author that this fails on your system:
21 error     babel-cli src --out-dir lib && cp src/*.less lib/
21 error You can get their info via:
21 error     npm owner ls react_pullload
21 error There is likely additional logging output above.
22 verbose exit [ 1, true ]
